<?xml version="1.0" encoding="UTF-8"?>
<TestRun id="a3b9cdea-7b5f-4b63-8124-233da2ba3fdb" name="imran@IMRAN_430 2016-02-24 14:16:00" runUser="IMRAN_430\imran" xmlns="http://microsoft.com/schemas/VisualStudio/TeamTest/2010">
  <TestSettings name="Local" id="0a57a8f1-bdbe-40a6-b565-abf6e0ef0390">
    <Description>These are default test settings for a local test run.</Description>
    <Deployment enabled="false" runDeploymentRoot="imran_IMRAN_430 2016-02-24 14_16_00">
      <DeploymentItem filename="D:\aspose\swagger\swagger-codegen-2.0.17\aspose\csharp\barcode\packages\LinqBridge.1.3.0\lib\net20\LinqBridge.dll" />
      <DeploymentItem filename="D:\aspose\swagger\swagger-codegen-2.0.17\aspose\csharp\barcode\packages\Aspose.Storage-Cloud.1.0.2\lib\net20\Aspose.Storage-Cloud.dll" />
      <DeploymentItem filename="D:\aspose\swagger\swagger-codegen-2.0.17\aspose\csharp\barcode\bin\Debug\Aspose.BarCode-Cloud.exe" />
      <DeploymentItem filename="D:\aspose\swagger\swagger-codegen-2.0.17\aspose\csharp\barcode\packages\Newtonsoft.Json.8.0.2\lib\net20\Newtonsoft.Json.dll" />
    </Deployment>
    <Execution>
      <TestTypeSpecific />
      <AgentRule name="Execution Agents">
      </AgentRule>
    </Execution>
  </TestSettings>
  <Times creation="2016-02-24T14:16:00.9820951+05:00" queuing="2016-02-24T14:16:01.0135986+05:00" start="2016-02-24T14:16:01.0176018+05:00" finish="2016-02-24T14:16:06.7318233+05:00" />
  <ResultSummary outcome="Completed">
    <Counters total="1" executed="1" passed="1" error="0" failed="0" timeout="0" aborted="0" inconclusive="0" passedButRunAborted="0" notRunnable="0" notExecuted="0" disconnected="0" warning="0" completed="0" inProgress="0" pending="0" />
  </ResultSummary>
  <TestDefinitions>
    <UnitTest name="TestPutBarcodeRecognizeFromBody" storage="d:\aspose\swagger\swagger-codegen-2.0.17\aspose\csharp\barcode\barcodetest\bin\debug\barcodetest.dll" id="d8b4a121-bc21-c4c0-030f-4a2452fefa08">
      <Execution id="3aefe691-dbc0-4374-9a8f-e61a56e57038" />
      <TestMethod codeBase="D:/aspose/swagger/swagger-codegen-2.0.17/aspose/csharp/barcode/BarcodeTest/bin/Debug/BarcodeTest.DLL" adapterTypeName="Microsoft.VisualStudio.TestTools.TestTypes.Unit.UnitTestAdapter, Microsoft.VisualStudio.QualityTools.Tips.UnitTest.Adapter, Version=10.0.0.0, Culture=neutral, PublicKeyToken=b03f5f7f11d50a3a" className="BarcodeTest.TestBarcodeApi, BarcodeTest, Version=1.0.0.0, Culture=neutral, PublicKeyToken=null" name="TestPutBarcodeRecognizeFromBody" />
    </UnitTest>
  </TestDefinitions>
  <TestLists>
    <TestList name="Results Not in a List" id="8c84fa94-04c1-424b-9868-57a2d4851a1d" />
    <TestList name="All Loaded Results" id="19431567-8539-422a-85d7-44ee4e166bda" />
  </TestLists>
  <TestEntries>
    <TestEntry testId="d8b4a121-bc21-c4c0-030f-4a2452fefa08" executionId="3aefe691-dbc0-4374-9a8f-e61a56e57038" testListId="8c84fa94-04c1-424b-9868-57a2d4851a1d" />
  </TestEntries>
  <Results>
    <UnitTestResult executionId="3aefe691-dbc0-4374-9a8f-e61a56e57038" testId="d8b4a121-bc21-c4c0-030f-4a2452fefa08" testName="TestPutBarcodeRecognizeFromBody" computerName="IMRAN_430" duration="00:00:05.4986566" startTime="2016-02-24T14:16:01.0191027+05:00" endTime="2016-02-24T14:16:06.7178130+05:00" testType="13cdc9d9-ddb5-4fa4-a97d-d965ccfc6d4b" outcome="Passed" testListId="8c84fa94-04c1-424b-9868-57a2d4851a1d" relativeResultsDirectory="3aefe691-dbc0-4374-9a8f-e61a56e57038">
    </UnitTestResult>
  </Results>
</TestRun>