<?xml version="1.0" encoding="UTF-8"?>
<TestRun id="a742ab9b-7dbb-411b-8727-3144d3d5a778" name="imran@IMRAN_430 2016-02-24 11:42:18" runUser="IMRAN_430\imran" xmlns="http://microsoft.com/schemas/VisualStudio/TeamTest/2010">
  <TestSettings name="Local" id="0a57a8f1-bdbe-40a6-b565-abf6e0ef0390">
    <Description>These are default test settings for a local test run.</Description>
    <Deployment enabled="false" runDeploymentRoot="imran_IMRAN_430 2016-02-24 11_42_18">
      <DeploymentItem filename="D:\aspose\swagger\swagger-codegen-2.0.17\aspose\csharp\barcode\packages\LinqBridge.1.3.0\lib\net20\LinqBridge.dll" />
      <DeploymentItem filename="D:\aspose\swagger\swagger-codegen-2.0.17\aspose\csharp\barcode\packages\Aspose.Storage-Cloud.1.0.2\lib\net20\Aspose.Storage-Cloud.dll" />
      <DeploymentItem filename="D:\aspose\swagger\swagger-codegen-2.0.17\aspose\csharp\barcode\bin\Debug\Aspose.BarCode-Cloud.exe" />
      <DeploymentItem filename="D:\aspose\swagger\swagger-codegen-2.0.17\aspose\csharp\barcode\packages\Newtonsoft.Json.8.0.2\lib\net20\Newtonsoft.Json.dll" />
    </Deployment>
    <Execution>
      <TestTypeSpecific />
      <AgentRule name="Execution Agents">
      </AgentRule>
    </Execution>
  </TestSettings>
  <Times creation="2016-02-24T11:42:18.5733268+05:00" queuing="2016-02-24T11:42:19.1628144+05:00" start="2016-02-24T11:42:19.1928376+05:00" finish="2016-02-24T11:42:23.2172145+05:00" />
  <ResultSummary outcome="Failed">
    <Counters total="1" executed="1" error="0" failed="1" timeout="0" aborted="0" inconclusive="0" passedButRunAborted="0" notRunnable="0" notExecuted="0" disconnected="0" warning="0" passed="0" completed="0" inProgress="0" pending="0" />
  </ResultSummary>
  <TestDefinitions>
    <UnitTest name="TestGetBarcodeGenerate" storage="d:\aspose\swagger\swagger-codegen-2.0.17\aspose\csharp\barcode\barcodetest\bin\debug\barcodetest.dll" id="8096e969-e7ae-42d9-2b27-eaa1801180e6">
      <Execution id="e5b13268-0493-4ff2-a526-413760495011" />
      <TestMethod codeBase="D:/aspose/swagger/swagger-codegen-2.0.17/aspose/csharp/barcode/BarcodeTest/bin/Debug/BarcodeTest.DLL" adapterTypeName="Microsoft.VisualStudio.TestTools.TestTypes.Unit.UnitTestAdapter, Microsoft.VisualStudio.QualityTools.Tips.UnitTest.Adapter, Version=10.0.0.0, Culture=neutral, PublicKeyToken=b03f5f7f11d50a3a" className="BarcodeTest.TestBarcodeApi, BarcodeTest, Version=1.0.0.0, Culture=neutral, PublicKeyToken=null" name="TestGetBarcodeGenerate" />
    </UnitTest>
  </TestDefinitions>
  <TestLists>
    <TestList name="Results Not in a List" id="8c84fa94-04c1-424b-9868-57a2d4851a1d" />
    <TestList name="All Loaded Results" id="19431567-8539-422a-85d7-44ee4e166bda" />
  </TestLists>
  <TestEntries>
    <TestEntry testId="8096e969-e7ae-42d9-2b27-eaa1801180e6" executionId="e5b13268-0493-4ff2-a526-413760495011" testListId="8c84fa94-04c1-424b-9868-57a2d4851a1d" />
  </TestEntries>
  <Results>
    <UnitTestResult executionId="e5b13268-0493-4ff2-a526-413760495011" testId="8096e969-e7ae-42d9-2b27-eaa1801180e6" testName="TestGetBarcodeGenerate" computerName="IMRAN_430" duration="00:00:03.6483970" startTime="2016-02-24T11:42:19.2085737+05:00" endTime="2016-02-24T11:42:23.1021925+05:00" testType="13cdc9d9-ddb5-4fa4-a97d-d965ccfc6d4b" outcome="Failed" testListId="8c84fa94-04c1-424b-9868-57a2d4851a1d" relativeResultsDirectory="e5b13268-0493-4ff2-a526-413760495011">
      <Output>
        <ErrorInfo>
          <Message>Assert.AreEqual failed. Expected:&lt;200 (System.String)&gt;. Actual:&lt;200 (System.Int32)&gt;. </Message>
          <StackTrace>   at BarcodeTest.TestBarcodeApi.TestGetBarcodeGenerate() in D:\aspose\swagger\swagger-codegen-2.0.17\aspose\csharp\barcode\BarcodeTest\BarcodeApiTest.cs:line 92
</StackTrace>
        </ErrorInfo>
      </Output>
    </UnitTestResult>
  </Results>
</TestRun>